Arguments: 
  C:\Program Files\nodejs\node.exe C:\Users\q3822\AppData\Roaming\npm\node_modules\yarn\bin\yarn.js add React -D

PATH: 
  C:\Program Files\Oculus\Support\oculus-runtime;C:\Program Files (x86)\NAT Service;C:\WINDOWS\system32;C:\WINDOWS;C:\WINDOWS\System32\Wbem;C:\WINDOWS\System32\WindowsPowerShell\v1.0\;C:\WINDOWS\System32\OpenSSH\;C:\Program Files\Git\cmd;C:\Users\q3822\AppData\Roaming\nvm;C:\Program Files\Docker\Docker\resources\bin;C:\ProgramData\DockerDesktop\version-bin;C:\Program Files (x86)\NVIDIA Corporation\PhysX\Common;C:\Program Files\dotnet\;C:\Users\q3822\AppData\Local\Microsoft\WindowsApps;C:\Users\q3822\AppData\Local\Programs\Microsoft VS Code\bin;C:\Program Files\Bandizip\;C:\Users\q3822\AppData\Roaming\nvm;C:\Users\q3822\AppData\Roaming\npm;C:\Users\q3822\AppData\Local\GitHubDesktop\bin;C:\Users\q3822\Documents\준비물\jdk-12.0.2\bin;C:\Program Files (x86)\Tailscale IPN;C:\Program Files\NVIDIA Corporation\NVIDIA NvDLISR;C:\Users\q3822\AppData\Roaming\nvm;C:\Program Files\nodejs;C:\Program Files\WireGuard\;C:\Users\q3822\AppData\Local\Microsoft\WindowsApps;C:\Users\q3822\AppData\Local\Programs\Microsoft VS Code\bin;C:\Program Files\Bandizip\;C:\Users\q3822\AppData\Roaming\nvm;C:\Program Files\nodejs;C:\Users\q3822\AppData\Roaming\npm;C:\Users\q3822\AppData\Local\GitHubDesktop\bin;C:\Users\q3822\AppData\Local\afreeca

Yarn version: 
  1.22.17

Node version: 
  16.13.0

Platform: 
  win32 x64

Trace: 
  Error: https://registry.npmjs.org/React: Not found
      at Request.params.callback [as _callback] (C:\Users\q3822\AppData\Roaming\npm\node_modules\yarn\lib\cli.js:67029:18)
      at Request.self.callback (C:\Users\q3822\AppData\Roaming\npm\node_modules\yarn\lib\cli.js:140883:22)
      at Request.emit (node:events:390:28)
      at Request.<anonymous> (C:\Users\q3822\AppData\Roaming\npm\node_modules\yarn\lib\cli.js:141855:10)
      at Request.emit (node:events:390:28)
      at IncomingMessage.<anonymous> (C:\Users\q3822\AppData\Roaming\npm\node_modules\yarn\lib\cli.js:141777:12)
      at Object.onceWrapper (node:events:509:28)
      at IncomingMessage.emit (node:events:402:35)
      at endReadableNT (node:internal/streams/readable:1343:12)
      at processTicksAndRejections (node:internal/process/task_queues:83:21)

npm manifest: 
  {
    "name": "compound-builder",
    "version": "1.0.0",
    "description": "Easy-to-use compound builder.",
    "main": "dist/index.js",
    "types" : "dist/index.d.ts",
    "scripts": {
      "build": "tsc"
    },
    "repository": {
      "type": "git",
      "url": "git+https://github.com/KZ-Lucas/compound-builder.git"
    },
    "author": "KZ-Lucas",
    "license": "MIT",
    "bugs": {
      "url": "https://github.com/KZ-Lucas/compound-builder/issues"
    },
    "homepage": "https://github.com/KZ-Lucas/compound-builder#readme",
    "devDependencies": {
      "@types/pluralize": "^0.0.29",
      "typescript": "^5.0.4"
    },
    "dependencies": {
      "pluralize": "^8.0.0"
    }
  }

yarn manifest: 
  No manifest

Lockfile: 
  No lockfile
